mode: atomic
github.com/fmenezes/codeowners/checker.go:13.13,15.2 1 1
github.com/fmenezes/codeowners/checker.go:18.35,21.45 3 2
github.com/fmenezes/codeowners/checker.go:25.2,25.14 1 2
github.com/fmenezes/codeowners/checker.go:21.45,24.3 2 2
github.com/fmenezes/codeowners/checker.go:29.58,31.11 2 4
github.com/fmenezes/codeowners/checker.go:34.2,35.12 2 1
github.com/fmenezes/codeowners/checker.go:31.11,33.3 1 3
github.com/fmenezes/codeowners/checker.go:66.40,68.2 1 3
github.com/fmenezes/codeowners/checker.go:80.35,82.24 2 7
github.com/fmenezes/codeowners/checker.go:85.2,85.29 1 7
github.com/fmenezes/codeowners/checker.go:91.2,91.15 1 7
github.com/fmenezes/codeowners/checker.go:82.24,84.3 1 3
github.com/fmenezes/codeowners/checker.go:85.29,87.3 1 1
github.com/fmenezes/codeowners/checker.go:87.8,87.62 1 6
github.com/fmenezes/codeowners/checker.go:87.62,89.3 1 1
github.com/fmenezes/codeowners/checker.go:111.57,114.19 2 6
github.com/fmenezes/codeowners/checker.go:118.2,119.16 2 3
github.com/fmenezes/codeowners/checker.go:122.2,129.43 6 3
github.com/fmenezes/codeowners/checker.go:142.2,142.21 1 2
github.com/fmenezes/codeowners/checker.go:153.2,153.22 1 2
github.com/fmenezes/codeowners/checker.go:157.2,157.17 1 1
github.com/fmenezes/codeowners/checker.go:114.19,116.3 1 3
github.com/fmenezes/codeowners/checker.go:119.16,121.3 1 0
github.com/fmenezes/codeowners/checker.go:129.43,131.10 2 2
github.com/fmenezes/codeowners/checker.go:134.3,139.5 1 1
github.com/fmenezes/codeowners/checker.go:131.10,133.4 1 1
github.com/fmenezes/codeowners/checker.go:142.21,145.32 3 2
github.com/fmenezes/codeowners/checker.go:145.32,147.26 2 1
github.com/fmenezes/codeowners/checker.go:147.26,149.5 1 1
github.com/fmenezes/codeowners/checker.go:153.22,155.3 1 1
github.com/fmenezes/codeowners/checker.go:160.35,163.2 2 18
github.com/fmenezes/codeowners/checker.go:165.60,169.48 3 6
github.com/fmenezes/codeowners/checker.go:179.2,179.26 1 6
github.com/fmenezes/codeowners/checker.go:183.2,183.25 1 4
github.com/fmenezes/codeowners/checker.go:187.2,187.32 1 3
github.com/fmenezes/codeowners/checker.go:169.48,171.30 2 18
github.com/fmenezes/codeowners/checker.go:171.30,173.36 2 5
github.com/fmenezes/codeowners/checker.go:173.36,175.5 1 4
github.com/fmenezes/codeowners/checker.go:179.26,181.3 1 2
github.com/fmenezes/codeowners/checker.go:183.25,185.3 1 1
github.com/fmenezes/codeowners/codeowners.go:13.39,15.12 2 44
github.com/fmenezes/codeowners/codeowners.go:18.2,18.32 1 44
github.com/fmenezes/codeowners/codeowners.go:15.12,17.3 1 5
github.com/fmenezes/codeowners/codeowners.go:22.48,26.53 3 23
github.com/fmenezes/codeowners/codeowners.go:32.2,32.19 1 23
github.com/fmenezes/codeowners/codeowners.go:26.53,30.3 3 381
github.com/fmenezes/codeowners/codeowners.go:32.19,34.3 1 18
github.com/fmenezes/codeowners/codeowners.go:34.8,34.27 1 5
github.com/fmenezes/codeowners/codeowners.go:34.27,36.3 1 2
github.com/fmenezes/codeowners/codeowners.go:36.8,38.3 1 3
github.com/fmenezes/codeowners/decoder.go:17.39,24.2 1 11
github.com/fmenezes/codeowners/decoder.go:27.26,28.23 1 33
github.com/fmenezes/codeowners/decoder.go:33.2,36.31 4 21
github.com/fmenezes/codeowners/decoder.go:28.23,31.3 2 12
github.com/fmenezes/codeowners/decoder.go:36.31,38.3 1 8
github.com/fmenezes/codeowners/decoder.go:43.31,46.2 2 25
github.com/fmenezes/codeowners/decoder.go:51.40,58.2 2 16
github.com/fmenezes/codeowners/decoder.go:67.30,69.2 1 16
github.com/fmenezes/codeowners/decoder.go:72.34,74.2 1 19
github.com/fmenezes/codeowners/checkers/invalidowner.go:13.13,15.2 1 1
github.com/fmenezes/codeowners/checkers/invalidowner.go:22.94,26.2 1 9
github.com/fmenezes/codeowners/checkers/invalidowner.go:28.36,30.35 2 23
github.com/fmenezes/codeowners/checkers/invalidowner.go:34.2,34.27 1 20
github.com/fmenezes/codeowners/checkers/invalidowner.go:38.2,39.20 2 15
github.com/fmenezes/codeowners/checkers/invalidowner.go:43.2,44.33 2 14
github.com/fmenezes/codeowners/checkers/invalidowner.go:50.2,50.13 1 12
github.com/fmenezes/codeowners/checkers/invalidowner.go:30.35,32.3 1 3
github.com/fmenezes/codeowners/checkers/invalidowner.go:34.27,36.3 1 5
github.com/fmenezes/codeowners/checkers/invalidowner.go:39.20,41.3 1 1
github.com/fmenezes/codeowners/checkers/invalidowner.go:44.33,45.71 1 19
github.com/fmenezes/codeowners/checkers/invalidowner.go:45.71,47.4 1 2
github.com/fmenezes/codeowners/checkers/invalidowner.go:58.95,63.31 3 9
github.com/fmenezes/codeowners/checkers/invalidowner.go:87.2,87.16 1 9
github.com/fmenezes/codeowners/checkers/invalidowner.go:63.31,64.24 1 10
github.com/fmenezes/codeowners/checkers/invalidowner.go:67.3,80.21 3 7
github.com/fmenezes/codeowners/checkers/invalidowner.go:64.24,65.12 1 3
github.com/fmenezes/codeowners/checkers/invalidowner.go:80.21,82.4 1 6
github.com/fmenezes/codeowners/checkers/invalidowner.go:82.9,84.4 1 1
github.com/fmenezes/codeowners/checkers/noowner.go:7.13,9.2 1 1
github.com/fmenezes/codeowners/checkers/noowner.go:15.89,19.2 1 1
github.com/fmenezes/codeowners/checkers/noowner.go:26.90,31.22 3 1
github.com/fmenezes/codeowners/checkers/noowner.go:48.2,48.16 1 1
github.com/fmenezes/codeowners/checkers/noowner.go:31.22,46.3 1 1
github.com/fmenezes/codeowners/checkers/access.go:12.13,14.2 1 1
github.com/fmenezes/codeowners/checkers/access.go:20.88,25.2 1 13
github.com/fmenezes/codeowners/checkers/access.go:33.89,38.22 3 14
github.com/fmenezes/codeowners/checkers/access.go:42.2,42.31 1 13
github.com/fmenezes/codeowners/checkers/access.go:69.2,69.22 1 13
github.com/fmenezes/codeowners/checkers/access.go:73.2,73.12 1 4
github.com/fmenezes/codeowners/checkers/access.go:38.22,40.3 1 1
github.com/fmenezes/codeowners/checkers/access.go:42.31,43.25 1 13
github.com/fmenezes/codeowners/checkers/access.go:46.3,47.13 2 12
github.com/fmenezes/codeowners/checkers/access.go:51.3,51.19 1 12
github.com/fmenezes/codeowners/checkers/access.go:43.25,44.12 1 1
github.com/fmenezes/codeowners/checkers/access.go:47.13,50.4 2 11
github.com/fmenezes/codeowners/checkers/access.go:51.19,66.4 3 9
github.com/fmenezes/codeowners/checkers/access.go:69.22,71.3 1 9
github.com/fmenezes/codeowners/checkers/github.go:26.39,31.2 4 10
github.com/fmenezes/codeowners/checkers/github.go:33.70,35.16 2 3
github.com/fmenezes/codeowners/checkers/github.go:38.2,38.26 1 3
github.com/fmenezes/codeowners/checkers/github.go:43.2,43.20 1 2
github.com/fmenezes/codeowners/checkers/github.go:35.16,37.3 1 0
github.com/fmenezes/codeowners/checkers/github.go:38.26,39.67 1 3
github.com/fmenezes/codeowners/checkers/github.go:39.67,41.4 1 1
github.com/fmenezes/codeowners/checkers/github.go:46.42,47.23 1 8
github.com/fmenezes/codeowners/checkers/github.go:51.2,51.14 1 5
github.com/fmenezes/codeowners/checkers/github.go:48.53,49.14 1 3
github.com/fmenezes/codeowners/checkers/github.go:54.65,56.16 2 6
github.com/fmenezes/codeowners/checkers/github.go:59.2,59.21 1 5
github.com/fmenezes/codeowners/checkers/github.go:62.2,63.16 2 4
github.com/fmenezes/codeowners/checkers/github.go:66.2,66.45 1 3
github.com/fmenezes/codeowners/checkers/github.go:56.16,58.3 1 1
github.com/fmenezes/codeowners/checkers/github.go:59.21,61.3 1 1
github.com/fmenezes/codeowners/checkers/github.go:63.16,65.3 1 1
github.com/fmenezes/codeowners/checkers/github.go:69.68,71.16 2 2
github.com/fmenezes/codeowners/checkers/github.go:74.2,74.24 1 2
github.com/fmenezes/codeowners/checkers/github.go:77.2,77.16 1 1
github.com/fmenezes/codeowners/checkers/github.go:71.16,73.3 1 0
github.com/fmenezes/codeowners/checkers/github.go:74.24,76.3 1 1
github.com/fmenezes/codeowners/checkers/github.go:80.52,83.28 3 10
github.com/fmenezes/codeowners/checkers/github.go:92.2,92.21 1 10
github.com/fmenezes/codeowners/checkers/github.go:97.2,97.36 1 9
github.com/fmenezes/codeowners/checkers/github.go:107.2,108.16 2 6
github.com/fmenezes/codeowners/checkers/github.go:111.2,112.12 2 4
github.com/fmenezes/codeowners/checkers/github.go:83.28,85.3 1 8
github.com/fmenezes/codeowners/checkers/github.go:85.8,87.17 2 2
github.com/fmenezes/codeowners/checkers/github.go:87.17,89.4 1 0
github.com/fmenezes/codeowners/checkers/github.go:92.21,95.3 2 1
github.com/fmenezes/codeowners/checkers/github.go:97.36,100.17 3 3
github.com/fmenezes/codeowners/checkers/github.go:103.3,104.13 2 3
github.com/fmenezes/codeowners/checkers/github.go:100.17,102.4 1 0
github.com/fmenezes/codeowners/checkers/github.go:108.16,110.3 1 2
github.com/fmenezes/codeowners/checkers/github.go:115.90,126.16 5 11
github.com/fmenezes/codeowners/checkers/github.go:129.2,132.16 3 10
github.com/fmenezes/codeowners/checkers/github.go:135.2,135.32 1 8
github.com/fmenezes/codeowners/checkers/github.go:126.16,128.3 1 1
github.com/fmenezes/codeowners/checkers/github.go:132.16,134.3 1 2
github.com/fmenezes/codeowners/checkers/github_mock.go:17.44,18.26 1 11
github.com/fmenezes/codeowners/checkers/github_mock.go:21.2,22.12 2 10
github.com/fmenezes/codeowners/checkers/github_mock.go:18.26,20.3 1 1
github.com/fmenezes/codeowners/checkers/github_mock.go:27.59,32.20 4 15
github.com/fmenezes/codeowners/checkers/github_mock.go:49.2,51.20 3 9
github.com/fmenezes/codeowners/checkers/github_mock.go:74.2,76.20 3 5
github.com/fmenezes/codeowners/checkers/github_mock.go:83.2,85.20 3 5
github.com/fmenezes/codeowners/checkers/github_mock.go:32.20,33.19 1 6
github.com/fmenezes/codeowners/checkers/github_mock.go:34.18,36.10 2 1
github.com/fmenezes/codeowners/checkers/github_mock.go:37.27,42.10 5 1
github.com/fmenezes/codeowners/checkers/github_mock.go:43.11,45.10 2 4
github.com/fmenezes/codeowners/checkers/github_mock.go:51.20,52.19 1 4
github.com/fmenezes/codeowners/checkers/github_mock.go:53.26,58.10 5 1
github.com/fmenezes/codeowners/checkers/github_mock.go:59.25,64.10 5 1
github.com/fmenezes/codeowners/checkers/github_mock.go:65.11,70.10 5 2
github.com/fmenezes/codeowners/checkers/github_mock.go:76.20,81.3 4 3
github.com/fmenezes/codeowners/checkers/github_mock.go:85.20,89.47 4 2
github.com/fmenezes/codeowners/checkers/github_mock.go:92.3,93.13 2 2
github.com/fmenezes/codeowners/checkers/github_mock.go:89.47,91.4 1 1
github.com/fmenezes/codeowners/checkers/github_mock.go:97.38,101.2 3 11
github.com/fmenezes/codeowners/checkers/github_mock.go:103.39,105.2 1 11
github.com/fmenezes/codeowners/cmd/codeownerslint/linter.go:29.46,31.16 2 7
github.com/fmenezes/codeowners/cmd/codeownerslint/linter.go:36.2,37.25 2 7
github.com/fmenezes/codeowners/cmd/codeownerslint/linter.go:40.2,42.16 3 7
github.com/fmenezes/codeowners/cmd/codeownerslint/linter.go:47.2,57.31 4 6
github.com/fmenezes/codeowners/cmd/codeownerslint/linter.go:75.2,75.13 1 5
github.com/fmenezes/codeowners/cmd/codeownerslint/linter.go:31.16,34.3 2 0
github.com/fmenezes/codeowners/cmd/codeownerslint/linter.go:37.25,39.3 1 3
github.com/fmenezes/codeowners/cmd/codeownerslint/linter.go:42.16,45.3 2 1
github.com/fmenezes/codeowners/cmd/codeownerslint/linter.go:57.31,59.17 2 5
github.com/fmenezes/codeowners/cmd/codeownerslint/linter.go:63.3,63.25 1 4
github.com/fmenezes/codeowners/cmd/codeownerslint/linter.go:59.17,62.4 2 1
github.com/fmenezes/codeowners/cmd/codeownerslint/linter.go:64.25,65.24 1 3
github.com/fmenezes/codeowners/cmd/codeownerslint/linter.go:68.27,69.26 1 1
github.com/fmenezes/codeowners/cmd/codeownerslint/linter.go:65.24,67.5 1 3
github.com/fmenezes/codeowners/cmd/codeownerslint/linter.go:69.26,71.5 1 1
